c:\users\edu_f\source\tp (1)\tp\x64\debug\tp.pch
c:\users\edu_f\source\tp (1)\tp\x64\debug\vc140.pdb
c:\users\edu_f\source\tp (1)\tp\x64\debug\vc140.idb
c:\users\edu_f\source\tp (1)\tp\x64\debug\stdafx.obj
c:\users\edu_f\source\tp (1)\tp\x64\debug\consola.obj
c:\users\edu_f\source\tp (1)\tp\x64\debug\caracteristica.obj
c:\users\edu_f\source\tp (1)\tp\x64\debug\colonia.obj
c:\users\edu_f\source\tp (1)\tp\x64\debug\configuracao.obj
c:\users\edu_f\source\tp (1)\tp\x64\debug\perfil.obj
c:\users\edu_f\source\tp (1)\tp\x64\debug\main.obj
c:\users\edu_f\source\tp (1)\tp\x64\debug\ser.obj
c:\users\edu_f\source\tp (1)\tp\x64\debug\celula.obj
c:\users\edu_f\source\tp (1)\tp\x64\debug\edificio.obj
c:\users\edu_f\source\tp (1)\x64\debug\tp.ilk
c:\users\edu_f\source\tp (1)\x64\debug\tp.exe
c:\users\edu_f\source\tp (1)\x64\debug\tp.pdb
c:\users\edu_f\source\tp (1)\tp\x64\debug\main.obj.enc
c:\users\edu_f\source\tp (1)\tp\x64\debug\tp.tlog\cl.command.1.tlog
c:\users\edu_f\source\tp (1)\tp\x64\debug\tp.tlog\cl.read.1.tlog
c:\users\edu_f\source\tp (1)\tp\x64\debug\tp.tlog\cl.write.1.tlog
c:\users\edu_f\source\tp (1)\tp\x64\debug\tp.tlog\link.command.1.tlog
c:\users\edu_f\source\tp (1)\tp\x64\debug\tp.tlog\link.read.1.tlog
c:\users\edu_f\source\tp (1)\tp\x64\debug\tp.tlog\link.write.1.tlog
